-------------------------------------------------------------------------------
Test set: testrunner.TestRunner
-------------------------------------------------------------------------------
Tests run: 1, Failures: 1, Errors: 0, Skipped: 0, Time elapsed: 2.655 s <<< FAILURE! - in testrunner.TestRunner
null on testrunner.TestRunner(testrunner.TestRunner)  Time elapsed: 2.526 s  <<< FAILURE!
java.lang.NoClassDefFoundError: rst/pdfbox/layout/text/TextFragment
Caused by: java.lang.ClassNotFoundException: rst.pdfbox.layout.text.TextFragment

